<?xml version="1.0" encoding="UTF-8"?>
<!-- Generated by org.testng.reporters.JUnitReportReporter -->
<testsuite hostname="TABLET-REDS9MBG" failures="0" tests="1" name="ecom.Tests.LoginTest" time="47.353" errors="0" timestamp="2025-07-10T23:05:12 IST" skipped="0">
  <testcase classname="ecom.Tests.LoginTest" name="Login" time="47.353"/>
</testsuite> <!-- ecom.Tests.LoginTest -->
